# JRE version: OpenJDK Runtime Environment (8.0_212-b04) (build 1.8.0_212-release-1586-b04)
# Java VM: OpenJDK 64-Bit Server VM (25.212-b04 mixed mode windows-amd64 compressed oops)
Heap:
 PSYoungGen      total 430080K, used 52832K [0x00000000e0000000, 0x0000000100000000, 0x0000000100000000)
  eden space 365568K, 0% used [0x00000000e0000000,0x00000000e0000000,0x00000000f6500000)
  from space 64512K, 81% used [0x00000000f6500000,0x00000000f98980d8,0x00000000fa400000)
  to   space 71168K, 0% used [0x00000000fba80000,0x00000000fba80000,0x0000000100000000)
 ParOldGen       total 413184K, used 398872K [0x00000000a0000000, 0x00000000b9380000, 0x00000000e0000000)
  object space 413184K, 96% used [0x00000000a0000000,0x00000000b8586198,0x00000000b9380000)
 Metaspace       used 86492K, capacity 94770K, committed 95104K, reserved 1130496K
  class space    used 11540K, capacity 13101K, committed 13184K, reserved 1048576K
GC Heap History (10 events):
Event: 448.407 GC heap after
Heap after GC invocations=23 (full 4):
 PSYoungGen      total 389632K, used 15088K [0x00000000e0000000, 0x00000000fe180000, 0x0000000100000000)
  eden space 344576K, 0% used [0x00000000e0000000,0x00000000e0000000,0x00000000f5080000)
  from space 45056K, 33% used [0x00000000f5080000,0x00000000f5f3c2a0,0x00000000f7c80000)
  to   space 43008K, 0% used [0x00000000fb780000,0x00000000fb780000,0x00000000fe180000)
 ParOldGen       total 373760K, used 251200K [0x00000000a0000000, 0x00000000b6d00000, 0x00000000e0000000)
  object space 373760K, 67% used [0x00000000a0000000,0x00000000af550038,0x00000000b6d00000)
 Metaspace       used 85122K, capacity 93244K, committed 93440K, reserved 1130496K
  class space    used 11507K, capacity 13056K, committed 13056K, reserved 1048576K
}
Event: 475.510 GC heap before
{Heap before GC invocations=24 (full 4):
 PSYoungGen      total 389632K, used 359664K [0x00000000e0000000, 0x00000000fe180000, 0x0000000100000000)
  eden space 344576K, 100% used [0x00000000e0000000,0x00000000f5080000,0x00000000f5080000)
  from space 45056K, 33% used [0x00000000f5080000,0x00000000f5f3c2a0,0x00000000f7c80000)
  to   space 43008K, 0% used [0x00000000fb780000,0x00000000fb780000,0x00000000fe180000)
 ParOldGen       total 373760K, used 251200K [0x00000000a0000000, 0x00000000b6d00000, 0x00000000e0000000)
  object space 373760K, 67% used [0x00000000a0000000,0x00000000af550038,0x00000000b6d00000)
 Metaspace       used 85658K, capacity 93884K, committed 94080K, reserved 1130496K
  class space    used 11517K, capacity 13072K, committed 13184K, reserved 1048576K
Event: 475.739 GC heap after
Heap after GC invocations=24 (full 4):
 PSYoungGen      total 438272K, used 42978K [0x00000000e0000000, 0x00000000ff600000, 0x0000000100000000)
  eden space 395264K, 0% used [0x00000000e0000000,0x00000000e0000000,0x00000000f8200000)
  from space 43008K, 99% used [0x00000000fb780000,0x00000000fe1788f8,0x00000000fe180000)
  to   space 54784K, 0% used [0x00000000f8200000,0x00000000f8200000,0x00000000fb780000)
 ParOldGen       total 373760K, used 263943K [0x00000000a0000000, 0x00000000b6d00000, 0x00000000e0000000)
  object space 373760K, 70% used [0x00000000a0000000,0x00000000b01c1c08,0x00000000b6d00000)
 Metaspace       used 85658K, capacity 93884K, committed 94080K, reserved 1130496K
  class space    used 11517K, capacity 13072K, committed 13184K, reserved 1048576K
}
Event: 6684.401 GC heap before
{Heap before GC invocations=25 (full 4):
 PSYoungGen      total 438272K, used 438242K [0x00000000e0000000, 0x00000000ff600000, 0x0000000100000000)
  eden space 395264K, 100% used [0x00000000e0000000,0x00000000f8200000,0x00000000f8200000)
  from space 43008K, 99% used [0x00000000fb780000,0x00000000fe1788f8,0x00000000fe180000)
  to   space 54784K, 0% used [0x00000000f8200000,0x00000000f8200000,0x00000000fb780000)
 ParOldGen       total 373760K, used 263943K [0x00000000a0000000, 0x00000000b6d00000, 0x00000000e0000000)
  object space 373760K, 70% used [0x00000000a0000000,0x00000000b01c1c08,0x00000000b6d00000)
 Metaspace       used 85976K, capacity 94270K, committed 94592K, reserved 1130496K
  class space    used 11528K, capacity 13083K, committed 13184K, reserved 1048576K
Event: 6685.566 GC heap after
Heap after GC invocations=25 (full 4):
 PSYoungGen      total 390144K, used 9968K [0x00000000e0000000, 0x00000000fdb00000, 0x0000000100000000)
  eden space 379904K, 0% used [0x00000000e0000000,0x00000000e0000000,0x00000000f7300000)
  from space 10240K, 97% used [0x00000000f8200000,0x00000000f8bbc010,0x00000000f8c00000)
  to   space 53248K, 0% used [0x00000000fa700000,0x00000000fa700000,0x00000000fdb00000)
 ParOldGen       total 373760K, used 303759K [0x00000000a0000000, 0x00000000b6d00000, 0x00000000e0000000)
  object space 373760K, 81% used [0x00000000a0000000,0x00000000b28a3da8,0x00000000b6d00000)
 Metaspace       used 85976K, capacity 94270K, committed 94592K, reserved 1130496K
  class space    used 11528K, capacity 13083K, committed 13184K, reserved 1048576K
}
Event: 7547.707 GC heap before
{Heap before GC invocations=26 (full 4):
 PSYoungGen      total 390144K, used 389872K [0x00000000e0000000, 0x00000000fdb00000, 0x0000000100000000)
  eden space 379904K, 100% used [0x00000000e0000000,0x00000000f7300000,0x00000000f7300000)
  from space 10240K, 97% used [0x00000000f8200000,0x00000000f8bbc010,0x00000000f8c00000)
  to   space 53248K, 0% used [0x00000000fa700000,0x00000000fa700000,0x00000000fdb00000)
 ParOldGen       total 373760K, used 303759K [0x00000000a0000000, 0x00000000b6d00000, 0x00000000e0000000)
  object space 373760K, 81% used [0x00000000a0000000,0x00000000b28a3da8,0x00000000b6d00000)
 Metaspace       used 86423K, capacity 94728K, committed 94848K, reserved 1130496K
  class space    used 11536K, capacity 13094K, committed 13184K, reserved 1048576K
Event: 7547.894 GC heap after
Heap after GC invocations=26 (full 4):
 PSYoungGen      total 418816K, used 53218K [0x00000000e0000000, 0x00000000fe300000, 0x0000000100000000)
  eden space 365568K, 0% used [0x00000000e0000000,0x00000000e0000000,0x00000000f6500000)
  from space 53248K, 99% used [0x00000000fa700000,0x00000000fdaf88e8,0x00000000fdb00000)
  to   space 64512K, 0% used [0x00000000f6500000,0x00000000f6500000,0x00000000fa400000)
 ParOldGen       total 373760K, used 309647K [0x00000000a0000000, 0x00000000b6d00000, 0x00000000e0000000)
  object space 373760K, 82% used [0x00000000a0000000,0x00000000b2e63dc8,0x00000000b6d00000)
 Metaspace       used 86423K, capacity 94728K, committed 94848K, reserved 1130496K
  class space    used 11536K, capacity 13094K, committed 13184K, reserved 1048576K
}
Event: 7553.127 GC heap before
{Heap before GC invocations=27 (full 4):
 PSYoungGen      total 418816K, used 418786K [0x00000000e0000000, 0x00000000fe300000, 0x0000000100000000)
  eden space 365568K, 100% used [0x00000000e0000000,0x00000000f6500000,0x00000000f6500000)
  from space 53248K, 99% used [0x00000000fa700000,0x00000000fdaf88e8,0x00000000fdb00000)
  to   space 64512K, 0% used [0x00000000f6500000,0x00000000f6500000,0x00000000fa400000)
 ParOldGen       total 373760K, used 309708K [0x00000000a0000000, 0x00000000b6d00000, 0x00000000e0000000)
  object space 373760K, 82% used [0x00000000a0000000,0x00000000b2e73270,0x00000000b6d00000)
 Metaspace       used 86492K, capacity 94770K, committed 95104K, reserved 1130496K
  class space    used 11540K, capacity 13101K, committed 13184K, reserved 1048576K
Event: 7553.394 GC heap after
Heap after GC invocations=27 (full 4):
 PSYoungGen      total 430080K, used 52832K [0x00000000e0000000, 0x0000000100000000, 0x0000000100000000)
  eden space 365568K, 0% used [0x00000000e0000000,0x00000000e0000000,0x00000000f6500000)
  from space 64512K, 81% used [0x00000000f6500000,0x00000000f98980d8,0x00000000fa400000)
  to   space 71168K, 0% used [0x00000000fba80000,0x00000000fba80000,0x0000000100000000)
 ParOldGen       total 413184K, used 398872K [0x00000000a0000000, 0x00000000b9380000, 0x00000000e0000000)
  object space 413184K, 96% used [0x00000000a0000000,0x00000000b8586198,0x00000000b9380000)
 Metaspace       used 86492K, capacity 94770K, committed 95104K, reserved 1130496K
  class space    used 11540K, capacity 13101K, committed 13184K, reserved 1048576K
}
Event: 7553.395 GC heap before
{Heap before GC invocations=28 (full 5):
 PSYoungGen      total 430080K, used 52832K [0x00000000e0000000, 0x0000000100000000, 0x0000000100000000)
  eden space 365568K, 0% used [0x00000000e0000000,0x00000000e0000000,0x00000000f6500000)
  from space 64512K, 81% used [0x00000000f6500000,0x00000000f98980d8,0x00000000fa400000)
  to   space 71168K, 0% used [0x00000000fba80000,0x00000000fba80000,0x0000000100000000)
 ParOldGen       total 413184K, used 398872K [0x00000000a0000000, 0x00000000b9380000, 0x00000000e0000000)
  object space 413184K, 96% used [0x00000000a0000000,0x00000000b8586198,0x00000000b9380000)
 Metaspace       used 86492K, capacity 94770K, committed 95104K, reserved 1130496K
  class space    used 11540K, capacity 13101K, committed 13184K, reserved 1048576K

